<?xml version="1.0" encoding="UTF-8"?>
<!-- Generated by org.testng.reporters.JUnitXMLReporter -->
<testsuite ignored="0" hostname="sai" failures="0" tests="3" name="Default test" time="6.467" errors="0" timestamp="2025-03-21T13:21:08 IST">
  <testcase classname="com.sai.restAssured.Tests.DataDrivenTesting.DataDrivenTestingUsingCsvFile" name="dataDrivenTestingUsingCsvFile" time="3.743"/>
  <testcase classname="com.sai.restAssured.Tests.DataDrivenTesting.DataDrivenTestingUsingCsvFile" name="dataDrivenTestingUsingCsvFile" time="1.275"/>
  <testcase classname="com.sai.restAssured.Tests.DataDrivenTesting.DataDrivenTestingUsingCsvFile" name="dataDrivenTestingUsingCsvFile" time="1.284"/>
</testsuite> <!-- Default test -->
