<?xml version="1.0" encoding="UTF-8"?>
<!-- Generated by org.testng.reporters.JUnitXMLReporter -->
<testsuite ignored="0" hostname="sai" failures="0" tests="3" name="Test" time="6.401" errors="0" timestamp="2025-03-20T16:20:42 IST">
  <testcase classname="com.sai.restAssured.Tests.DataDrivenTesting.DataDrivenTestingUsingJSON" name="dataDrivenTestingUsingJSON" time="3.684"/>
  <testcase classname="com.sai.restAssured.Tests.DataDrivenTesting.DataDrivenTestingUsingJSON" name="dataDrivenTestingUsingJSON" time="1.299"/>
  <testcase classname="com.sai.restAssured.Tests.DataDrivenTesting.DataDrivenTestingUsingJSON" name="dataDrivenTestingUsingJSON" time="1.24"/>
</testsuite> <!-- Test -->
