<?xml version="1.0" encoding="UTF-8"?>
<testng-results ignored="0" total="3" passed="3" failed="0" skipped="0">
  <reporter-output>
  </reporter-output>
  <suite started-at="2025-03-21T13:21:02 IST" name="Default suite" finished-at="2025-03-21T13:21:08 IST" duration-ms="6467">
    <groups>
    </groups>
    <test started-at="2025-03-21T13:21:02 IST" name="Default test" finished-at="2025-03-21T13:21:08 IST" duration-ms="6467">
      <class name="com.sai.restAssured.Tests.DataDrivenTesting.DataDrivenTestingUsingCsvFile">
        <test-method signature="dataDrivenTestingUsingCsvFile(java.util.Map)[pri:0, instance:com.sai.restAssured.Tests.DataDrivenTesting.DataDrivenTestingUsingCsvFile@336f1079]" started-at="2025-03-21T13:21:02 IST" name="dataDrivenTestingUsingCsvFile" data-provider="getCsvTestData" finished-at="2025-03-21T13:21:06 IST" duration-ms="3743" status="PASS">
          <params>
            <param index="0">
              <value>
                <![CDATA[{additionalneeds=super bowls, checkin=2018-01-01, checkout=2019-01-01, depositpaid=true, firstname=api testing, lastname=testers talk, totalprice=10000}]]>
              </value>
            </param>
          </params>
          <reporter-output>
          </reporter-output>
        </test-method> <!-- dataDrivenTestingUsingCsvFile -->
        <test-method signature="dataDrivenTestingUsingCsvFile(java.util.Map)[pri:0, instance:com.sai.restAssured.Tests.DataDrivenTesting.DataDrivenTestingUsingCsvFile@336f1079]" started-at="2025-03-21T13:21:06 IST" name="dataDrivenTestingUsingCsvFile" data-provider="getCsvTestData" finished-at="2025-03-21T13:21:07 IST" duration-ms="1275" status="PASS">
          <params>
            <param index="0">
              <value>
                <![CDATA[{additionalneeds=fentastic bowls, checkin=2020-01-01, checkout=2021-01-01, depositpaid=false, firstname=Selenium testing, lastname=testers thinking, totalprice=20000}]]>
              </value>
            </param>
          </params>
          <reporter-output>
          </reporter-output>
        </test-method> <!-- dataDrivenTestingUsingCsvFile -->
        <test-method signature="dataDrivenTestingUsingCsvFile(java.util.Map)[pri:0, instance:com.sai.restAssured.Tests.DataDrivenTesting.DataDrivenTestingUsingCsvFile@336f1079]" started-at="2025-03-21T13:21:07 IST" name="dataDrivenTestingUsingCsvFile" data-provider="getCsvTestData" finished-at="2025-03-21T13:21:08 IST" duration-ms="1284" status="PASS">
          <params>
            <param index="0">
              <value>
                <![CDATA[{additionalneeds=wonderfull bowls, checkin=2022-01-01, checkout=2023-01-01, depositpaid=true, firstname=Cucumber testing, lastname=testers thoughts, totalprice=50000}]]>
              </value>
            </param>
          </params>
          <reporter-output>
          </reporter-output>
        </test-method> <!-- dataDrivenTestingUsingCsvFile -->
      </class> <!-- com.sai.restAssured.Tests.DataDrivenTesting.DataDrivenTestingUsingCsvFile -->
    </test> <!-- Default test -->
  </suite> <!-- Default suite -->
</testng-results>
